<?xml version="1.0" encoding="UTF-8"?>
<!-- Generated by org.testng.reporters.JUnitReportReporter -->
<testsuite hostname="DESKTOP-GUKBSC8" failures="0" tests="3" name="tests.ProductTests" time="35.785" errors="0" timestamp="2025-06-20T13:37:11 EEST" skipped="0">
  <testcase classname="tests.ProductTests" name="testProductSearchWithFullNameAndAddToCart" time="12.983"/>
  <testcase classname="tests.ProductTests" name="testProductSearchWith3CharsAndAddToCart" time="13.693"/>
  <testcase classname="tests.ProductTests" name="testInvalidProductSearchWith2Chars" time="9.109"/>
</testsuite> <!-- tests.ProductTests -->
